-------------------------------------------------------------------------------
Test set: TestSuite
-------------------------------------------------------------------------------
Tests run: 1, Failures: 1, Errors: 0, Skipped: 0, Time elapsed: 0.606 s <<< FAILURE! - in TestSuite
setup(com.maven.BaseClass)  Time elapsed: 0.021 s  <<< FAILURE!
java.lang.NoClassDefFoundError: org/openqa/selenium/remote/SessionNotFoundException
	at com.maven.BaseClass.setup(BaseClass.java:14)
Caused by: java.lang.ClassNotFoundException: org.openqa.selenium.remote.SessionNotFoundException
	at com.maven.BaseClass.setup(BaseClass.java:14)

